
================================================================
======== Log Rotated - 8/5/2023, 12:00:00 AM                    
================================================================
[12:02:19 AM] [CarMY#6] Dodol Sunda: caused an explosion (STICKYBOMB)
[12:02:25 AM] [CarMY#6] Dodol Sunda: caused an explosion (STICKYBOMB)
[12:02:32 AM] [CarMY#6] Dodol Sunda: caused an explosion (STICKYBOMB)
[12:02:33 AM] [CarMY#6] Dodol Sunda: died from suicide (Sticky Bomb)
[12:02:42 AM] [CarMY#6] Dodol Sunda: caused an explosion (STICKYBOMB)
[12:02:42 AM] [CarMY#7] PitchBlack: died from Sticky Bomb by Dodol Sunda
[12:02:43 AM] [CarMY#6] Dodol Sunda: died from suicide
[12:03:27 AM] [CarMY#6] Dodol Sunda: died from Ranover by Vehicle by PitchBlack
[12:04:30 AM] [CarMY#6] Dodol Sunda: set [#7] PitchBlack on fire
[12:04:37 AM] [CarMY#7] PitchBlack: died from suicide (Fire)
[12:04:54 AM] [CarMY#6] Dodol Sunda: caused an explosion (TANKSHELL)
[12:04:54 AM] [CarMY#7] PitchBlack: caused an explosion (CAR)
[12:04:54 AM] [CarMY#7] PitchBlack: died from unknown by Dodol Sunda
[12:04:59 AM] [CarMY#6] Dodol Sunda: caused an explosion (TANKSHELL)
[12:05:00 AM] [CarMY#6] Dodol Sunda: caused an explosion (TANKSHELL)
[12:05:01 AM] [CarMY#7] PitchBlack: died from unknown by Dodol Sunda
[12:05:02 AM] [CarMY#6] Dodol Sunda: caused an explosion (TANKSHELL)
[12:05:04 AM] [CarMY#6] Dodol Sunda: caused an explosion (TANKSHELL)
[12:05:04 AM] [CarMY#7] PitchBlack: died from unknown by Dodol Sunda
[12:05:16 AM] [CarMY#6] Dodol Sunda: caused an explosion (TANKSHELL)
[12:05:16 AM] [CarMY#7] PitchBlack: died from unknown by Dodol Sunda
[12:05:21 AM] [CarMY#6] Dodol Sunda: caused an explosion (TANKSHELL)
[12:05:23 AM] [CarMY#6] Dodol Sunda: caused an explosion (TANKSHELL)
[12:05:24 AM] [CarMY#7] PitchBlack: died from unknown by Dodol Sunda
[12:05:32 AM] [CarMY#6] Dodol Sunda: caused an explosion (TANKSHELL)
[12:05:34 AM] [CarMY#6] Dodol Sunda: caused an explosion (TANKSHELL)
[12:05:36 AM] [CarMY#6] Dodol Sunda: caused an explosion (TANKSHELL)
[12:05:36 AM] [CarMY#7] PitchBlack: died from suicide
[12:05:39 AM] [CarMY#6] Dodol Sunda: caused an explosion (TANKSHELL)
[12:05:41 AM] [CarMY#6] Dodol Sunda: caused an explosion (TANKSHELL)
[12:06:00 AM] [CarMY#6] Dodol Sunda: caused an explosion (TANKSHELL)
[12:06:00 AM] [CarMY#7] PitchBlack: died from suicide
[12:06:33 AM] [CarMY#7] PitchBlack: disconnected (Exiting)
[12:06:46 AM] [CarMY#6] Dodol Sunda: caused an explosion (STICKYBOMB)
[12:06:46 AM] [CarMY#6] Dodol Sunda: died from suicide (Sticky Bomb)
[12:06:46 AM] [CarMY#6] Dodol Sunda: caused an explosion (STICKYBOMB)
[12:13:49 AM] [CarMY#8] PitchBlack: joined with identifiers [steam:1100001431a17f1; license:6866cbd09d05a41268af4860b5903bd56920501f; live:985155528386521; discord:519700366216921098; fivem:10358288; license2:6866cbd09d05a41268af4860b5903bd56920501f]
[12:17:02 AM] [CarMY#6] Dodol Sunda: turned show player IDs on
[12:17:03 AM] [CarMY#6] Dodol Sunda: turned show player IDs off
[12:17:09 AM] [CarMY#6] Dodol Sunda: teleported to coordinates (x=3373.381, y=5183.614, z=1.460)
[12:17:37 AM] [CarMY#8] PitchBlack: disconnected (Server->client connection timed out. Last seen 809 msec ago.)
[12:30:23 AM] [CarMY#6] Dodol Sunda: disconnected (Exiting)
