
================================================================
======== txAdmin Starting - 8/4/2023, 5:36:32 PM                
================================================================
[5:37:50 PM] txAdmin: Logger started
[5:38:23 PM] txAdmin: Logger started
[5:42:36 PM] txAdmin: Logger started
[5:45:30 PM] [HVdQi#1] zi ren: joined with identifiers [steam:1100001338666d5; license:aaf6842cb5f20723a17df8d86f504d23d4278e61; xbl:2535433584996478; live:1055519430480828; discord:1019521817611862046; fivem:1337743; license2:aaf6842cb5f20723a17df8d86f504d23d4278e61]
[5:48:28 PM] [HVdQi#1] zi ren: disconnected (Exiting)
[5:52:56 PM] [HVdQi#2] zi ren: joined with identifiers [steam:1100001338666d5; license:aaf6842cb5f20723a17df8d86f504d23d4278e61; xbl:2535433584996478; live:1055519430480828; discord:1019521817611862046; fivem:1337743; license2:aaf6842cb5f20723a17df8d86f504d23d4278e61]
[5:55:33 PM] [HVdQi#2] zi ren: disconnected ([txAdmin] Server restarting (requested by Alaska_RP).)
[5:55:44 PM] txAdmin: Logger started
[5:56:09 PM] txAdmin: Logger started
[5:57:18 PM] txAdmin: Logger started
[5:57:36 PM] [6QFT6#1] Pocong: joined with identifiers [steam:1100001138238a7; license:d5278ee551bf22f6592238941980c6bab22ea095; discord:363337639891435530; license2:d5278ee551bf22f6592238941980c6bab22ea095]
[5:58:11 PM] [6QFT6#2] zi ren: joined with identifiers [steam:1100001338666d5; license:aaf6842cb5f20723a17df8d86f504d23d4278e61; xbl:2535433584996478; live:1055519430480828; discord:1019521817611862046; fivem:1337743; license2:aaf6842cb5f20723a17df8d86f504d23d4278e61]
[5:59:20 PM] [6QFT6#2] zi ren: enabled noclip
[5:59:22 PM] [6QFT6#2] zi ren: became mortal (standard mode)
[5:59:34 PM] [6QFT6#1] Pocong: disconnected (Exiting)
[6:00:05 PM] [6QFT6#3] BUNG - TROYPwr: joined with identifiers [steam:110000146ad3e04; license:95bb83e9d6ed98ba163949dbb673a1ae545f47ab; live:844425937087783; discord:1095528725392654426; fivem:7522357; license2:351d12dd78453bde34b6480e594c49ef1b3106be]
[6:00:25 PM] [6QFT6#2] zi ren: turned show player IDs on
[6:02:53 PM] [6QFT6#2] zi ren: disconnected (Exiting)
[6:15:20 PM] [6QFT6#3] BUNG - TROYPwr: disconnected (Exiting)
[7:04:50 PM] [6QFT6#4] Dodol Sunda: joined with identifiers [steam:1100001443602c2; license:856febe21634f1838ce93d8378db228fdfdf6a2a; xbl:2535430943236490; live:914798934186893; discord:708572312835981352; license2:856febe21634f1838ce93d8378db228fdfdf6a2a]
[7:07:41 PM] [6QFT6#4] Dodol Sunda: enabled noclip
[7:07:45 PM] [6QFT6#4] Dodol Sunda: became mortal (standard mode)
[7:07:46 PM] [6QFT6#4] Dodol Sunda: enabled noclip
[7:07:48 PM] [6QFT6#4] Dodol Sunda: became mortal (standard mode)
[7:21:59 PM] [6QFT6#4] Dodol Sunda: teleported to coordinates (x=50.560, y=-2682.270, z=6.010)
[7:22:03 PM] [6QFT6#4] Dodol Sunda: teleported to coordinates (x=50.560, y=-2682.270, z=6.010)
[7:22:39 PM] [6QFT6#4] Dodol Sunda: teleported to coordinates (x=50.530, y=-2682.360, z=6.010)
[7:22:42 PM] [6QFT6#4] Dodol Sunda: teleported to coordinates (x=50.530, y=-2682.360, z=6.010)
[7:22:50 PM] [6QFT6#4] Dodol Sunda: teleported to coordinates (x=50.530, y=-2682.360, z=6.010)
[7:23:01 PM] [6QFT6#4] Dodol Sunda: enabled noclip
[7:23:02 PM] [6QFT6#4] Dodol Sunda: became mortal (standard mode)
[7:23:05 PM] [6QFT6#4] Dodol Sunda: teleported to coordinates (x=143.350, y=-2200.120, z=4.700)
[7:23:11 PM] [6QFT6#4] Dodol Sunda: teleported to coordinates (x=143.350, y=-2200.120, z=4.700)
[7:23:47 PM] [6QFT6#4] Dodol Sunda: teleported to coordinates (x=1276.410, y=-1710.190, z=54.770)
[7:24:54 PM] [6QFT6#4] Dodol Sunda: teleported to coordinates (x=1276.410, y=-1710.190, z=54.770)
[7:25:33 PM] [6QFT6#4] Dodol Sunda: teleported to coordinates (x=143.350, y=-2200.120, z=4.700)
[7:30:46 PM] [6QFT6#5] raul: joined with identifiers [steam:11000013e571af4; license:e78b8d958634ca8a42ab0ee98e3d7855a43c3391; xbl:2535429097833500; live:985154765914960; discord:664479627053498378; fivem:10843853; license2:c8f7d20d55400454ca70a9b9907b2bc6c72e6167]
[7:32:57 PM] [6QFT6#4] Dodol Sunda: disconnected (Couldn't load resource ox_inventory: Failed to open packfile: ReadBulk of header failed: Failed to f)
[7:33:07 PM] [6QFT6#5] raul: disconnected (Couldn't load resource ox_inventory: Failed to open packfile: ReadBulk of header failed: Failed to f)
[7:33:40 PM] txAdmin: Logger started
[7:35:47 PM] [qedRM#1] Dodol Sunda: joined with identifiers [steam:1100001443602c2; license:856febe21634f1838ce93d8378db228fdfdf6a2a; xbl:2535430943236490; live:914798934186893; discord:708572312835981352; license2:856febe21634f1838ce93d8378db228fdfdf6a2a]
[7:38:06 PM] [qedRM#1] Dodol Sunda: teleported to coordinates (x=143.350, y=-2200.120, z=4.700)
[7:47:26 PM] [qedRM#1] Dodol Sunda: said "/tz"
[7:47:31 PM] [qedRM#1] Dodol Sunda: teleported to coordinates (x=1334.690, y=4306.660, z=38.090)
[7:50:39 PM] [qedRM#1] Dodol Sunda: teleported to coordinates (x=1334.690, y=4306.660, z=38.090)
[8:00:07 PM] [qedRM#1] Dodol Sunda: died from suicide (Falling)
[8:15:45 PM] [qedRM#1] Dodol Sunda: enabled noclip
[8:15:52 PM] [qedRM#1] Dodol Sunda: became mortal (standard mode)
[8:35:26 PM] [qedRM#1] Dodol Sunda: teleported to coordinates (x=1334.690, y=4306.660, z=38.090)
[8:48:17 PM] [qedRM#2] nouvalichsandy: joined with identifiers [steam:11000015b95a18f; license:7536dfd752b585e772c04848120726f2ac896f29; discord:697867402464985121; license2:4b13a72f2fb3eaae75c4204dd0ecbbaa7167350f]
[8:48:38 PM] [qedRM#1] Dodol Sunda: died from suicide
[8:48:42 PM] [qedRM#1] Dodol Sunda: died from suicide
[8:49:33 PM] [qedRM#1] Dodol Sunda: enabled noclip
[8:49:48 PM] [qedRM#1] Dodol Sunda: became mortal (standard mode)
[8:51:49 PM] [qedRM#1] Dodol Sunda: disconnected (Game crashed: GTA5_b2802.exe!sub_140587270 (0x316))
[8:52:08 PM] [qedRM#3] IO Friez: joined with identifiers [steam:1100001159435eb; license:7b7d211a4d364e46b919d64c79e9dfa16fed686f; discord:749364227642359848; license2:7b7d211a4d364e46b919d64c79e9dfa16fed686f]
[8:55:08 PM] [qedRM#2] nouvalichsandy: died from suicide
[8:55:24 PM] [qedRM#2] nouvalichsandy: died from suicide
[8:55:38 PM] [qedRM#2] nouvalichsandy: died from suicide (Falling)
[8:55:49 PM] [qedRM#2] nouvalichsandy: died from suicide
[8:56:39 PM] [qedRM#2] nouvalichsandy: died from suicide
[8:56:49 PM] [qedRM#3] IO Friez: died from Fist by nouvalichsandy
[8:57:18 PM] [qedRM#3] IO Friez: died from Fist by nouvalichsandy
[8:57:35 PM] [qedRM#3] IO Friez: died from suicide (Drowned)
[8:57:36 PM] [qedRM#2] nouvalichsandy: died from suicide (Drowned)
[8:57:45 PM] [qedRM#3] IO Friez: died from suicide (Drowned)
[8:57:51 PM] [qedRM#3] IO Friez: said "d"
[9:02:18 PM] [qedRM#3] IO Friez: died from Combat PDW by nouvalichsandy
[9:02:22 PM] [qedRM#3] IO Friez: died from Combat PDW by nouvalichsandy
[9:02:28 PM] [qedRM#3] IO Friez: died from Combat PDW by nouvalichsandy
[9:02:40 PM] [qedRM#3] IO Friez: died from Combat PDW by nouvalichsandy
[9:02:50 PM] [qedRM#2] nouvalichsandy: died from Pistol .50 by IO Friez
[9:03:10 PM] [qedRM#2] nouvalichsandy: died from Pistol .50 by IO Friez
[9:03:16 PM] [qedRM#3] IO Friez: caused an explosion (CAR)
[9:03:44 PM] [qedRM#3] IO Friez: died from Combat PDW by nouvalichsandy
[9:03:57 PM] [qedRM#2] nouvalichsandy: died from Pistol .50 by IO Friez
[9:04:06 PM] [qedRM#2] nouvalichsandy: died from Pistol .50 by IO Friez
[9:04:09 PM] [qedRM#4] Leia Florence: joined with identifiers [steam:11000014454478b; license:e4d1335af9c168c818512940809a931bfc0a145d; live:914798189148132; discord:755781915251834903; license2:e4d1335af9c168c818512940809a931bfc0a145d]
[9:04:47 PM] [qedRM#2] nouvalichsandy: died from Pistol .50 by IO Friez
[9:05:31 PM] [qedRM#3] IO Friez: died from Combat PDW by nouvalichsandy
[9:05:40 PM] [qedRM#2] nouvalichsandy: died from Pistol .50 by IO Friez
[9:06:02 PM] [qedRM#2] nouvalichsandy: died from Pistol .50 by IO Friez
[9:06:15 PM] [qedRM#3] IO Friez: died from Combat PDW by nouvalichsandy
[9:06:42 PM] [qedRM#2] nouvalichsandy: died from Heavy Sniper by Leia Florence
[9:06:49 PM] [qedRM#3] IO Friez: died from Combat PDW by nouvalichsandy
[9:06:51 PM] [qedRM#2] nouvalichsandy: died from Heavy Sniper by Leia Florence
[9:07:09 PM] [qedRM#2] nouvalichsandy: died from Pistol .50 by IO Friez
[9:07:19 PM] [qedRM#3] IO Friez: died from suicide (Falling)
[9:07:23 PM] [qedRM#2] nouvalichsandy: died from Heavy Sniper by Leia Florence
[9:07:29 PM] [qedRM#2] nouvalichsandy: died from Heavy Sniper by Leia Florence
[9:07:45 PM] [qedRM#2] nouvalichsandy: died from Heavy Sniper by Leia Florence
[9:07:58 PM] [qedRM#2] nouvalichsandy: died from Heavy Sniper by Leia Florence
[9:08:29 PM] [qedRM#2] nouvalichsandy: died from Heavy Sniper by Leia Florence
[9:08:47 PM] [qedRM#2] nouvalichsandy: died from Heavy Sniper by Leia Florence
[9:08:59 PM] [qedRM#2] nouvalichsandy: died from Heavy Sniper by Leia Florence
[9:09:15 PM] [qedRM#2] nouvalichsandy: died from Pistol .50 by IO Friez
[9:09:26 PM] [qedRM#2] nouvalichsandy: died from Heavy Sniper by Leia Florence
[9:09:34 PM] [qedRM#2] nouvalichsandy: died from Advanced Rifle by IO Friez
[9:15:17 PM] [qedRM#2] nouvalichsandy: died from Pistol .50 by IO Friez
[9:15:20 PM] [qedRM#3] IO Friez: disconnected (Exiting)
[9:15:48 PM] [qedRM#4] Leia Florence: died from Combat PDW by nouvalichsandy
[9:16:00 PM] [qedRM#2] nouvalichsandy: died from Heavy Pistol by Leia Florence
[9:16:15 PM] [qedRM#4] Leia Florence: died from Combat PDW by nouvalichsandy
[9:16:28 PM] [qedRM#2] nouvalichsandy: died from Heavy Pistol by Leia Florence
[9:16:40 PM] [qedRM#2] nouvalichsandy: died from Heavy Pistol by Leia Florence
[9:16:51 PM] [qedRM#4] Leia Florence: died from suicide (Combat PDW)
[9:17:02 PM] [qedRM#2] nouvalichsandy: died from Heavy Pistol by Leia Florence
[9:17:20 PM] [qedRM#2] nouvalichsandy: died from Heavy Pistol by Leia Florence
[9:17:23 PM] txAdmin: ((Broadcast) Alaska_RP): said "restart"
[9:17:29 PM] [qedRM#2] nouvalichsandy: disconnected ([txAdmin] Server restarting (requested by Alaska_RP).)
[9:17:29 PM] [qedRM#4] Leia Florence: disconnected ([txAdmin] Server restarting (requested by Alaska_RP).)
[9:18:10 PM] txAdmin: Logger started
[9:18:49 PM] [CarMY#1] Kayzennn27: joined with identifiers [steam:11000014b752a8e; license:aaf6842cb5f20723a17df8d86f504d23d4278e61; xbl:2535433584996478; live:1055519430480828; discord:1019521817611862046; fivem:1337743; license2:aaf6842cb5f20723a17df8d86f504d23d4278e61]
[9:19:44 PM] [CarMY#1] Kayzennn27: disconnected (Exiting)
[9:20:06 PM] [CarMY#2] nouvalichsandy: joined with identifiers [steam:11000015b95a18f; license:7536dfd752b585e772c04848120726f2ac896f29; discord:697867402464985121; license2:4b13a72f2fb3eaae75c4204dd0ecbbaa7167350f]
[9:22:29 PM] [CarMY#2] nouvalichsandy: disconnected (Exiting)
[9:23:36 PM] [CarMY#3] nouvalichsandy: joined with identifiers [steam:11000015b95a18f; license:7536dfd752b585e772c04848120726f2ac896f29; discord:697867402464985121; license2:4b13a72f2fb3eaae75c4204dd0ecbbaa7167350f]
[9:25:40 PM] [CarMY#3] nouvalichsandy: disconnected (Exiting)
[9:42:43 PM] [CarMY#4] Dodol Sunda: joined with identifiers [steam:1100001443602c2; license:856febe21634f1838ce93d8378db228fdfdf6a2a; xbl:2535430943236490; live:914798934186893; discord:708572312835981352; license2:856febe21634f1838ce93d8378db228fdfdf6a2a]
[10:17:33 PM] [CarMY#4] Dodol Sunda: teleported to coordinates (x=143.350, y=-2200.120, z=4.700)
[10:17:38 PM] [CarMY#4] Dodol Sunda: teleported to coordinates (x=143.350, y=-2200.120, z=4.700)
[10:17:49 PM] [CarMY#4] Dodol Sunda: teleported to coordinates (x=143.350, y=-2200.120, z=4.700)
[10:36:04 PM] [CarMY#4] Dodol Sunda: teleported to coordinates (x=1334.690, y=4306.660, z=38.090)
[10:36:09 PM] [CarMY#4] Dodol Sunda: teleported to coordinates (x=1334.690, y=4306.660, z=38.090)
[10:45:04 PM] [CarMY#4] Dodol Sunda: died from suicide (Falling)
[11:27:18 PM] [CarMY#5] Pocong: joined with identifiers [steam:1100001138238a7; license:d5278ee551bf22f6592238941980c6bab22ea095; discord:363337639891435530; license2:d5278ee551bf22f6592238941980c6bab22ea095]
[11:29:13 PM] [CarMY#5] Pocong: enabled noclip
[11:29:29 PM] [CarMY#5] Pocong: became mortal (standard mode)
[11:42:12 PM] [CarMY#5] Pocong: said "/tp"
[11:43:52 PM] [CarMY#4] Dodol Sunda: enabled noclip
[11:43:54 PM] [CarMY#4] Dodol Sunda: became mortal (standard mode)
[11:50:50 PM] [CarMY#4] Dodol Sunda: disconnected (Exiting)
[11:51:41 PM] [CarMY#5] Pocong: enabled noclip
[11:51:47 PM] [CarMY#5] Pocong: became mortal (standard mode)
[11:51:48 PM] [CarMY#5] Pocong: enabled noclip
[11:51:49 PM] [CarMY#5] Pocong: became mortal (standard mode)
[11:51:50 PM] [CarMY#5] Pocong: enabled noclip
[11:51:51 PM] [CarMY#5] Pocong: became mortal (standard mode)
[11:54:40 PM] [CarMY#5] Pocong: enabled noclip
[11:54:42 PM] [CarMY#5] Pocong: became mortal (standard mode)
[11:54:54 PM] [CarMY#5] Pocong: enabled noclip
[11:54:54 PM] [CarMY#5] Pocong: enabled noclip
[11:54:57 PM] [CarMY#5] Pocong: became mortal (standard mode)
[11:54:58 PM] [CarMY#5] Pocong: enabled noclip
[11:55:01 PM] [CarMY#5] Pocong: became mortal (standard mode)
[11:55:05 PM] [CarMY#5] Pocong: enabled noclip
[11:55:05 PM] [CarMY#5] Pocong: became mortal (standard mode)
[11:55:07 PM] [CarMY#5] Pocong: enabled noclip
[11:55:09 PM] [CarMY#6] Dodol Sunda: joined with identifiers [steam:1100001443602c2; license:856febe21634f1838ce93d8378db228fdfdf6a2a; xbl:2535430943236490; live:914798934186893; discord:708572312835981352; license2:856febe21634f1838ce93d8378db228fdfdf6a2a]
[11:55:15 PM] [CarMY#5] Pocong: became mortal (standard mode)
[11:59:21 PM] [CarMY#5] Pocong: disconnected (Exiting)
[11:59:34 PM] [CarMY#7] PitchBlack: joined with identifiers [steam:1100001431a17f1; license:6866cbd09d05a41268af4860b5903bd56920501f; live:985155528386521; discord:519700366216921098; fivem:10358288; license2:6866cbd09d05a41268af4860b5903bd56920501f]
